si controlla che l'assistito si sia registrato
si deve controllare la mail
si controlla che l'assistito si sia registrato
si deve controllare la mail
cookie inviato
resoconto inviato al medico
dosi calcolate
dati inviati al paziente
API logfile restituito
resoconto inviato al medico
resoconto inviato al medico
resoconto inviato al medico
mail verificata
cookie inviato
mail verificata
cookie inviato
mail verificata
cookie inviato
dosi calcolate
dosi calcolate
si controlla che l'assistito si sia registrato
inserimento paziente
si controlla che l'assistito si sia registrato
mail inviata
si deve controllare la mail
mail verificata
cookie inviato
resoconto inviato al medico
si controlla che l'assistito si sia registrato
API disponibilità inserita
API logfile restituito
resoconto inviato al medico
dosi calcolate
evento creato in calendario utente
resoconto inviato al medico
dosi calcolate
si controlla che l'assistito si sia registrato
inserimento paziente
pronti a verificare
si controlla che l'assistito si sia registrato
si controlla che l'assistito si sia registrato
dosi calcolate
resoconto inviato al medico
API logfile restituito
API logfile restituito
API logfile restituito
resoconto inviato al medico
API disponibilità inserita
si controlla che l'assistito si sia registrato
si controlla che l'assistito si sia registrato
mail inviata
si deve controllare la mail
mail verificata
cookie inviato
resoconto inviato al medico
resoconto inviato al medico
evento creato in calendario utente
evento creato in calendario utente
dati inviati al paziente
resoconto inviato al medico
evento creato in calendario utente
dosi calcolate
dosi calcolate
dosi calcolate
CF non presente
CF non presente
si controlla che l'assistito si sia registrato
inserimento paziente
pronti a verificare
mail inviata
si deve controllare la mail
mail verificata
cookie inviato
si controlla che l'assistito si sia registrato
si controlla che l'assistito si sia registrato
si deve controllare la mail
mail inviata
si controlla che l'assistito si sia registrato
mail inviata
si deve controllare la mail
si controlla che l'assistito si sia registrato
dosi calcolate
si deve controllare la mail
mail inviata
dosi calcolate
mail verificata
cookie inviato
dosi calcolate
dosi calcolate
dosi calcolate
si controlla che l'assistito si sia registrato
si controlla che l'assistito si sia registrato
evento creato in calendario utente
evento creato in calendario utente
si controlla che l'assistito si sia registrato
controllo correttezza dati
si controlla che l'assistito si sia registrato
controllo correttezza dati
si controlla che l'assistito si sia registrato
controllo correttezza dati
CF non presente
dosi calcolate
si controlla che l'assistito si sia registrato
inserimento paziente
pronti a verificare
mail inviata
si deve controllare la mail
si controlla che l'assistito si sia registrato
si deve controllare la mail
mail inviata
si controlla che l'assistito si sia registrato
mail inviata
si deve controllare la mail
si controlla che l'assistito si sia registrato
mail inviata
si deve controllare la mail
si controlla che l'assistito si sia registrato
si deve controllare la mail
mail inviata
mail verificata
cookie inviato
si controlla che l'assistito si sia registrato
si deve ricontrollare i dati
si controlla che l'assistito si sia registrato
dati inviati al paziente
dati inviati al paziente
dosi calcolate
dosi calcolate
API logfile restituito
API logfile restituito
API registrati restituiti
API registrato restituito
API prenotazione restituita
API prenotazioni restituite
resoconto inviato al medico
resoconto inviato al medico
API disponibilità inserita
API disponibilità inserita
dosi calcolate
dosi calcolate
CF non presente
si controlla che l'assistito si sia registrato
inserimento paziente
pronti a verificare
si deve controllare la mail
mail inviata
si controlla che l'assistito si sia registrato
mail inviata
si deve controllare la mail
mail verificata
cookie inviato
si controlla che l'assistito si sia registrato
si controlla che l'assistito si sia registrato
resoconto inviato al medico
dosi calcolate
dosi calcolate
dosi calcolate
resoconto inviato al medico
dosi calcolate
dosi calcolate
dati inviati al paziente
dati inviati al paziente
si controlla che l'assistito si sia registrato
inserimento paziente
pronti a verificare
mail inviata
si deve controllare la mail
si controlla che l'assistito si sia registrato
inserimento paziente
pronti a verificare
mail inviata
si deve controllare la mail
si controlla che l'assistito si sia registrato
inserimento paziente
pronti a verificare
si deve controllare la mail
mail inviata
si controlla che l'assistito si sia registrato
inserimento paziente
pronti a verificare
mail inviata
si deve controllare la mail
si controlla che l'assistito si sia registrato
inserimento paziente
pronti a verificare
mail inviata
si deve controllare la mail
si controlla che l'assistito si sia registrato
inserimento paziente
pronti a verificare
mail inviata
si deve controllare la mail
dosi calcolate
dosi calcolate
CF non presente
dosi calcolate
si controlla che l'assistito si sia registrato
si deve ricontrollare i dati
si controlla che l'assistito si sia registrato
si controlla che l'assistito si sia registrato
si deve controllare la mail
mail inviata
si controlla che l'assistito si sia registrato
si controlla che l'assistito si sia registrato
inserimento paziente
pronti a verificare
mail inviata
si deve controllare la mail
si controlla che l'assistito si sia registrato
si controlla che l'assistito si sia registrato
inserimento paziente
pronti a verificare
mail inviata
si deve controllare la mail
si controlla che l'assistito si sia registrato
inserimento paziente
pronti a verificare
mail inviata
si deve controllare la mail
si controlla che l'assistito si sia registrato
inserimento paziente
pronti a verificare
si deve controllare la mail
mail inviata
si controlla che l'assistito si sia registrato
inserimento paziente
pronti a verificare
si deve controllare la mail
mail inviata
si controlla che l'assistito si sia registrato
inserimento paziente
pronti a verificare
si deve controllare la mail
mail inviata
API registrati restituiti
dosi calcolate
dosi calcolate
dosi calcolate
resoconto inviato al medico
dosi calcolate
dosi calcolate
dosi calcolate
si controlla che l'assistito si sia registrato
inserimento paziente
pronti a verificare
si deve controllare la mail
mail inviata
mail verificata
cookie inviato
evento creato in calendario utente
dati inviati al paziente
CF non presente
si controlla che l'assistito si sia registrato
controllo correttezza dati
si controlla che l'assistito si sia registrato
controllo correttezza dati
bisogna ricontrollare i dati inseriti
si controlla che l'assistito si sia registrato
controllo correttezza dati
dati inviati al paziente
dati inviati al paziente
CF non presente
resoconto inviato al medico
dati inviati al paziente
dosi calcolate
dosi calcolate
dosi calcolate
API logfile restituito
dosi calcolate
dosi calcolate
si controlla che l'assistito si sia registrato
si controlla che l'assistito si sia registrato
si controlla che l'assistito si sia registrato
si controlla che l'assistito si sia registrato
si controlla che l'assistito si sia registrato
controllo correttezza dati
dosi calcolate
dosi calcolate
dosi calcolate
API logfile restituito
API logfile restituito
API logfile restituito
API logfile restituito
dosi calcolate
